<?xml version="1.0" encoding="UTF-8"?>
<!-- Generated by org.testng.reporters.JUnitXMLReporter -->
<testsuite hostname="3WNR5Y2" ignored="0" name="WebShopTest" tests="8" failures="0" timestamp="27 Apr 2020 11:04:29 GMT" time="118.966" errors="0">
  <testcase name="verifyLoginPageTitleTest" time="2.063" classname="org.seleniumjava.tests.LoginTest"/>
  <testcase name="verifyProducPageTitle" time="2.451" classname="org.seleniumjava.tests.ProductPageTest"/>
  <testcase name="loginTest" time="1.25" classname="org.seleniumjava.tests.LoginTest"/>
  <testcase name="sortByFeature" time="0.931" classname="org.seleniumjava.tests.ProductPageTest"/>
  <testcase name="sortByFeature" time="0.893" classname="org.seleniumjava.tests.ProductPageTest"/>
  <testcase name="sortByFeature" time="0.852" classname="org.seleniumjava.tests.ProductPageTest"/>
  <testcase name="sortByFeature" time="0.905" classname="org.seleniumjava.tests.ProductPageTest"/>
  <testcase name="selectSubProductAddToCart" time="7.22" classname="org.seleniumjava.tests.ProductPageTest"/>
</testsuite> <!-- WebShopTest -->
