<?xml version="1.0" encoding="UTF-8"?>
<!-- Generated by org.testng.reporters.JUnitXMLReporter -->
<testsuite hostname="3WNR5Y2" ignored="0" name="WebShop" tests="5" failures="0" timestamp="20 May 2020 14:16:11 GMT" time="56.513" errors="0">
  <testcase name="verifyLoginPageTitleTest" time="2.12" classname="org.seleniumjava.tests.LoginTest"/>
  <testcase name="loginTest" time="1.109" classname="org.seleniumjava.tests.LoginTest"/>
  <testcase name="verifyProducPageTitle" time="2.59" classname="org.seleniumjava.tests.ProductPageTest"/>
  <testcase name="sortByFeature" time="0.0" classname="org.seleniumjava.tests.ProductPageTest">
    <skipped/>
  </testcase> <!-- sortByFeature -->
  <testcase name="selectSubProductAddToCart" time="2.354" classname="org.seleniumjava.tests.ProductPageTest"/>
</testsuite> <!-- WebShop -->
