<?xml version="1.0" encoding="UTF-8"?>
<!-- Generated by org.testng.reporters.JUnitXMLReporter -->
<testsuite hostname="3WNR5Y2" name="Product" tests="6" failures="0" timestamp="30 Apr 2020 13:54:22 GMT" time="25.278" errors="0">
  <testcase name="verifyProducPageTitle" time="2.676" classname="org.seleniumjava.tests.ProductPageTest"/>
  <testcase name="sortByFeature" time="0.761" classname="org.seleniumjava.tests.ProductPageTest"/>
  <testcase name="sortByFeature" time="1.219" classname="org.seleniumjava.tests.ProductPageTest"/>
  <testcase name="sortByFeature" time="1.526" classname="org.seleniumjava.tests.ProductPageTest"/>
  <testcase name="sortByFeature" time="1.457" classname="org.seleniumjava.tests.ProductPageTest"/>
  <testcase name="selectSubProductAddToCart" time="2.207" classname="org.seleniumjava.tests.ProductPageTest"/>
</testsuite> <!-- Product -->
