<?xml version="1.0" encoding="UTF-8"?>
<!-- Generated by org.testng.reporters.JUnitXMLReporter -->
<testsuite hostname="3WNR5Y2" name="WebShopTest" tests="8" failures="0" timestamp="27 Apr 2020 15:44:01 GMT" time="110.514" errors="0">
  <testcase name="verifyLoginPageTitleTest" time="2.051" classname="org.seleniumjava.tests.LoginTest"/>
  <testcase name="verifyProducPageTitle" time="2.598" classname="org.seleniumjava.tests.ProductPageTest"/>
  <testcase name="loginTest" time="1.301" classname="org.seleniumjava.tests.LoginTest"/>
  <testcase name="sortByFeature" time="0.939" classname="org.seleniumjava.tests.ProductPageTest"/>
  <testcase name="sortByFeature" time="0.886" classname="org.seleniumjava.tests.ProductPageTest"/>
  <testcase name="sortByFeature" time="0.909" classname="org.seleniumjava.tests.ProductPageTest"/>
  <testcase name="sortByFeature" time="0.836" classname="org.seleniumjava.tests.ProductPageTest"/>
  <testcase name="selectSubProductAddToCart" time="2.518" classname="org.seleniumjava.tests.ProductPageTest"/>
</testsuite> <!-- WebShopTest -->
