<?xml version="1.0" encoding="UTF-8"?>
<!-- Generated by org.testng.reporters.JUnitXMLReporter -->
<testsuite hostname="3WNR5Y2" name="WebShop" tests="8" failures="0" timestamp="5 May 2020 16:24:00 GMT" time="112.939" errors="0">
  <testcase name="verifyLoginPageTitleTest" time="2.049" classname="org.seleniumjava.tests.LoginTest"/>
  <testcase name="loginTest" time="1.129" classname="org.seleniumjava.tests.LoginTest"/>
  <testcase name="verifyProducPageTitle" time="2.603" classname="org.seleniumjava.tests.ProductPageTest"/>
  <testcase name="sortByFeature" time="0.879" classname="org.seleniumjava.tests.ProductPageTest"/>
  <testcase name="sortByFeature" time="0.934" classname="org.seleniumjava.tests.ProductPageTest"/>
  <testcase name="sortByFeature" time="0.835" classname="org.seleniumjava.tests.ProductPageTest"/>
  <testcase name="sortByFeature" time="0.856" classname="org.seleniumjava.tests.ProductPageTest"/>
  <testcase name="selectSubProductAddToCart" time="1.551" classname="org.seleniumjava.tests.ProductPageTest"/>
</testsuite> <!-- WebShop -->
