<?xml version="1.0" encoding="UTF-8"?>
<testng-results skipped="1" failed="0" ignored="0" total="5" passed="4">
  <reporter-output>
    <line>
      <![CDATA[Test Case verifyLoginPageTitleTesthas Started]]>
    </line>
    <line>
      <![CDATA[Test Case verifyLoginPageTitleTestis Passed]]>
    </line>
    <line>
      <![CDATA[Test Case loginTesthas Started]]>
    </line>
    <line>
      <![CDATA[Trying to click on: [[ChromeDriver: chrome on WINDOWS (9a2b7b69fa034571ecca243f17e17636)] -> class name: ico-login]]]>
    </line>
    <line>
      <![CDATA[Clicked on: [[ChromeDriver: chrome on WINDOWS (9a2b7b69fa034571ecca243f17e17636)] -> class name: ico-login]]]>
    </line>
    <line>
      <![CDATA[Trying to click on: [[ChromeDriver: chrome on WINDOWS (9a2b7b69fa034571ecca243f17e17636)] -> xpath: //input[contains(@class,'login-button')]]]]>
    </line>
    <line>
      <![CDATA[Clicked on: [[ChromeDriver: chrome on WINDOWS (9a2b7b69fa034571ecca243f17e17636)] -> xpath: //input[contains(@class,'login-button')]]]]>
    </line>
    <line>
      <![CDATA[Test Case loginTestis Passed]]>
    </line>
    <line>
      <![CDATA[Trying to click on: [[ChromeDriver: chrome on WINDOWS (428c848766ce04a0430abbac822aec5f)] -> class name: ico-login]]]>
    </line>
    <line>
      <![CDATA[Clicked on: [[ChromeDriver: chrome on WINDOWS (428c848766ce04a0430abbac822aec5f)] -> class name: ico-login]]]>
    </line>
    <line>
      <![CDATA[Trying to click on: [[ChromeDriver: chrome on WINDOWS (428c848766ce04a0430abbac822aec5f)] -> xpath: //input[contains(@class,'login-button')]]]]>
    </line>
    <line>
      <![CDATA[Clicked on: [[ChromeDriver: chrome on WINDOWS (428c848766ce04a0430abbac822aec5f)] -> xpath: //input[contains(@class,'login-button')]]]]>
    </line>
    <line>
      <![CDATA[Test Case verifyProducPageTitlehas Started]]>
    </line>
    <line>
      <![CDATA[Trying to click on: [[ChromeDriver: chrome on WINDOWS (428c848766ce04a0430abbac822aec5f)] -> link text: Apparel & Shoes]]]>
    </line>
    <line>
      <![CDATA[Clicked on: [[ChromeDriver: chrome on WINDOWS (428c848766ce04a0430abbac822aec5f)] -> link text: Apparel & Shoes]]]>
    </line>
    <line>
      <![CDATA[Test Case verifyProducPageTitleis Passed]]>
    </line>
    <line>
      <![CDATA[Trying to click on: [[ChromeDriver: chrome on WINDOWS (a9efb1701a2cf4e4e4c7257591aa0333)] -> class name: ico-login]]]>
    </line>
    <line>
      <![CDATA[Clicked on: [[ChromeDriver: chrome on WINDOWS (a9efb1701a2cf4e4e4c7257591aa0333)] -> class name: ico-login]]]>
    </line>
    <line>
      <![CDATA[Trying to click on: [[ChromeDriver: chrome on WINDOWS (a9efb1701a2cf4e4e4c7257591aa0333)] -> xpath: //input[contains(@class,'login-button')]]]]>
    </line>
    <line>
      <![CDATA[Clicked on: [[ChromeDriver: chrome on WINDOWS (a9efb1701a2cf4e4e4c7257591aa0333)] -> xpath: //input[contains(@class,'login-button')]]]]>
    </line>
    <line>
      <![CDATA[Test Case selectSubProductAddToCarthas Started]]>
    </line>
    <line>
      <![CDATA[Trying to click on: [[ChromeDriver: chrome on WINDOWS (a9efb1701a2cf4e4e4c7257591aa0333)] -> link text: Apparel & Shoes]]]>
    </line>
    <line>
      <![CDATA[Clicked on: [[ChromeDriver: chrome on WINDOWS (a9efb1701a2cf4e4e4c7257591aa0333)] -> link text: Apparel & Shoes]]]>
    </line>
    <line>
      <![CDATA[Trying to click on: [[ChromeDriver: chrome on WINDOWS (a9efb1701a2cf4e4e4c7257591aa0333)] -> link text: Blue Jeans]]]>
    </line>
    <line>
      <![CDATA[Clicked on: [[ChromeDriver: chrome on WINDOWS (a9efb1701a2cf4e4e4c7257591aa0333)] -> link text: Blue Jeans]]]>
    </line>
    <line>
      <![CDATA[Trying to click on: [[ChromeDriver: chrome on WINDOWS (a9efb1701a2cf4e4e4c7257591aa0333)] -> xpath: //*[starts-with(@id,'add-to-cart') and contains(@class,'button-1')]]]]>
    </line>
    <line>
      <![CDATA[Clicked on: [[ChromeDriver: chrome on WINDOWS (a9efb1701a2cf4e4e4c7257591aa0333)] -> xpath: //*[starts-with(@id,'add-to-cart') and contains(@class,'button-1')]]]]>
    </line>
    <line>
      <![CDATA[Test Case selectSubProductAddToCartis Passed]]>
    </line>
  </reporter-output>
  <suite name="Test Automation Suite" duration-ms="56513" started-at="2020-05-20T14:15:14Z" finished-at="2020-05-20T14:16:11Z">
    <groups>
    </groups>
    <test name="WebShop" duration-ms="56513" started-at="2020-05-20T14:15:14Z" finished-at="2020-05-20T14:16:11Z">
      <class name="org.seleniumjava.tests.LoginTest">
        <test-method status="PASS" signature="setUp()[pri:0, instance:org.seleniumjava.tests.LoginTest@82c57b3]" name="setUp" is-config="true" duration-ms="10192" started-at="2020-05-20T14:15:14Z" finished-at="2020-05-20T14:15:24Z">
          <reporter-output>
          </reporter-output>
        </test-method> <!-- setUp -->
        <test-method status="PASS" signature="verifyLoginPageTitleTest()[pri:1, instance:org.seleniumjava.tests.LoginTest@82c57b3]" name="verifyLoginPageTitleTest" duration-ms="2120" started-at="2020-05-20T14:15:25Z" finished-at="2020-05-20T14:15:27Z">
          <reporter-output>
            <line>
              <![CDATA[Test Case verifyLoginPageTitleTesthas Started]]>
            </line>
            <line>
              <![CDATA[Test Case verifyLoginPageTitleTestis Passed]]>
            </line>
          </reporter-output>
        </test-method> <!-- verifyLoginPageTitleTest -->
        <test-method status="PASS" signature="tearDown()[pri:0, instance:org.seleniumjava.tests.LoginTest@82c57b3]" name="tearDown" is-config="true" duration-ms="666" started-at="2020-05-20T14:15:27Z" finished-at="2020-05-20T14:15:28Z">
          <reporter-output>
          </reporter-output>
        </test-method> <!-- tearDown -->
        <test-method status="PASS" signature="setUp()[pri:0, instance:org.seleniumjava.tests.LoginTest@82c57b3]" name="setUp" is-config="true" duration-ms="9434" started-at="2020-05-20T14:15:28Z" finished-at="2020-05-20T14:15:37Z">
          <reporter-output>
          </reporter-output>
        </test-method> <!-- setUp -->
        <test-method status="PASS" signature="loginTest()[pri:2, instance:org.seleniumjava.tests.LoginTest@82c57b3]" name="loginTest" duration-ms="1109" started-at="2020-05-20T14:15:37Z" finished-at="2020-05-20T14:15:38Z">
          <reporter-output>
            <line>
              <![CDATA[Test Case loginTesthas Started]]>
            </line>
            <line>
              <![CDATA[Trying to click on: [[ChromeDriver: chrome on WINDOWS (9a2b7b69fa034571ecca243f17e17636)] -> class name: ico-login]]]>
            </line>
            <line>
              <![CDATA[Clicked on: [[ChromeDriver: chrome on WINDOWS (9a2b7b69fa034571ecca243f17e17636)] -> class name: ico-login]]]>
            </line>
            <line>
              <![CDATA[Trying to click on: [[ChromeDriver: chrome on WINDOWS (9a2b7b69fa034571ecca243f17e17636)] -> xpath: //input[contains(@class,'login-button')]]]]>
            </line>
            <line>
              <![CDATA[Clicked on: [[ChromeDriver: chrome on WINDOWS (9a2b7b69fa034571ecca243f17e17636)] -> xpath: //input[contains(@class,'login-button')]]]]>
            </line>
            <line>
              <![CDATA[Test Case loginTestis Passed]]>
            </line>
          </reporter-output>
        </test-method> <!-- loginTest -->
        <test-method status="PASS" signature="tearDown()[pri:0, instance:org.seleniumjava.tests.LoginTest@82c57b3]" name="tearDown" is-config="true" duration-ms="654" started-at="2020-05-20T14:15:38Z" finished-at="2020-05-20T14:15:39Z">
          <reporter-output>
          </reporter-output>
        </test-method> <!-- tearDown -->
      </class> <!-- org.seleniumjava.tests.LoginTest -->
      <class name="org.seleniumjava.tests.ProductPageTest">
        <test-method status="PASS" signature="setUp()[pri:0, instance:org.seleniumjava.tests.ProductPageTest@5be82d43]" name="setUp" is-config="true" duration-ms="11010" started-at="2020-05-20T14:15:39Z" finished-at="2020-05-20T14:15:50Z">
          <reporter-output>
            <line>
              <![CDATA[Trying to click on: [[ChromeDriver: chrome on WINDOWS (428c848766ce04a0430abbac822aec5f)] -> class name: ico-login]]]>
            </line>
            <line>
              <![CDATA[Clicked on: [[ChromeDriver: chrome on WINDOWS (428c848766ce04a0430abbac822aec5f)] -> class name: ico-login]]]>
            </line>
            <line>
              <![CDATA[Trying to click on: [[ChromeDriver: chrome on WINDOWS (428c848766ce04a0430abbac822aec5f)] -> xpath: //input[contains(@class,'login-button')]]]]>
            </line>
            <line>
              <![CDATA[Clicked on: [[ChromeDriver: chrome on WINDOWS (428c848766ce04a0430abbac822aec5f)] -> xpath: //input[contains(@class,'login-button')]]]]>
            </line>
          </reporter-output>
        </test-method> <!-- setUp -->
        <test-method status="PASS" signature="verifyProducPageTitle()[pri:3, instance:org.seleniumjava.tests.ProductPageTest@5be82d43]" name="verifyProducPageTitle" duration-ms="2590" started-at="2020-05-20T14:15:50Z" finished-at="2020-05-20T14:15:52Z">
          <reporter-output>
            <line>
              <![CDATA[Test Case verifyProducPageTitlehas Started]]>
            </line>
            <line>
              <![CDATA[Trying to click on: [[ChromeDriver: chrome on WINDOWS (428c848766ce04a0430abbac822aec5f)] -> link text: Apparel & Shoes]]]>
            </line>
            <line>
              <![CDATA[Clicked on: [[ChromeDriver: chrome on WINDOWS (428c848766ce04a0430abbac822aec5f)] -> link text: Apparel & Shoes]]]>
            </line>
            <line>
              <![CDATA[Test Case verifyProducPageTitleis Passed]]>
            </line>
          </reporter-output>
        </test-method> <!-- verifyProducPageTitle -->
        <test-method status="PASS" signature="tearDown()[pri:0, instance:org.seleniumjava.tests.ProductPageTest@5be82d43]" name="tearDown" is-config="true" duration-ms="2676" started-at="2020-05-20T14:15:52Z" finished-at="2020-05-20T14:15:55Z">
          <reporter-output>
          </reporter-output>
        </test-method> <!-- tearDown -->
        <test-method status="SKIP" signature="sortByFeature(java.lang.String)[pri:4, instance:org.seleniumjava.tests.ProductPageTest@5be82d43]" name="sortByFeature" duration-ms="0" started-at="2020-05-20T14:15:55Z" data-provider="getSortByData" finished-at="2020-05-20T14:15:55Z">
          <exception class="java.lang.RuntimeException">
            <message>
              <![CDATA[java.lang.NullPointerException]]>
            </message>
            <full-stacktrace>
              <![CDATA[java.lang.RuntimeException: java.lang.NullPointerException
at org.testng.internal.MethodInvocationHelper.invokeMethodNoCheckedException(MethodInvocationHelper.java:49)
at org.testng.internal.MethodInvocationHelper.invokeDataProvider(MethodInvocationHelper.java:131)
at org.testng.internal.Parameters.handleParameters(Parameters.java:706)
at org.testng.internal.ParameterHandler.handleParameters(ParameterHandler.java:49)
at org.testng.internal.ParameterHandler.createParameters(ParameterHandler.java:37)
at org.testng.internal.Invoker.invokeTestMethods(Invoker.java:924)
at org.testng.internal.TestMethodWorker.invokeTestMethods(TestMethodWorker.java:125)
at org.testng.internal.TestMethodWorker.run(TestMethodWorker.java:109)
at org.testng.TestRunner.privateRun(TestRunner.java:648)
at org.testng.TestRunner.run(TestRunner.java:505)
at org.testng.SuiteRunner.runTest(SuiteRunner.java:455)
at org.testng.SuiteRunner.runSequentially(SuiteRunner.java:450)
at org.testng.SuiteRunner.privateRun(SuiteRunner.java:415)
at org.testng.SuiteRunner.run(SuiteRunner.java:364)
at org.testng.SuiteRunnerWorker.runSuite(SuiteRunnerWorker.java:52)
at org.testng.SuiteRunnerWorker.run(SuiteRunnerWorker.java:84)
at org.testng.TestNG.runSuitesSequentially(TestNG.java:1208)
at org.testng.TestNG.runSuitesLocally(TestNG.java:1137)
at org.testng.TestNG.runSuites(TestNG.java:1049)
at org.testng.TestNG.run(TestNG.java:1017)
at org.apache.maven.surefire.testng.TestNGExecutor.run(TestNGExecutor.java:281)
at org.apache.maven.surefire.testng.TestNGXmlTestSuite.execute(TestNGXmlTestSuite.java:75)
at org.apache.maven.surefire.testng.TestNGProvider.invoke(TestNGProvider.java:121)
at org.apache.maven.surefire.booter.ForkedBooter.invokeProviderInSameClassLoader(ForkedBooter.java:290)
at org.apache.maven.surefire.booter.ForkedBooter.runSuitesInProcess(ForkedBooter.java:242)
at org.apache.maven.surefire.booter.ForkedBooter.main(ForkedBooter.java:121)
Caused by: java.lang.NullPointerException
at org.apache.poi.poifs.filesystem.FileMagic.prepareToCheckMagic(FileMagic.java:173)
at org.apache.poi.ss.usermodel.WorkbookFactory.create(WorkbookFactory.java:224)
at org.apache.poi.ss.usermodel.WorkbookFactory.create(WorkbookFactory.java:198)
at org.seleniumjava.utils.excelUtils.getExcelData(excelUtils.java:33)
at org.seleniumjava.tests.ProductPageTest.getSortByData(ProductPageTest.java:62)
at sun.reflect.NativeMethodAccessorImpl.invoke0(Native Method)
at sun.reflect.NativeMethodAccessorImpl.invoke(Unknown Source)
at sun.reflect.DelegatingMethodAccessorImpl.invoke(Unknown Source)
at java.lang.reflect.Method.invoke(Unknown Source)
at org.testng.internal.MethodInvocationHelper.invokeMethod(MethodInvocationHelper.java:124)
at org.testng.internal.MethodInvocationHelper.invokeMethod(MethodInvocationHelper.java:74)
at org.testng.internal.MethodInvocationHelper.invokeMethodNoCheckedException(MethodInvocationHelper.java:45)
... 25 more
]]>
            </full-stacktrace>
          </exception> <!-- java.lang.RuntimeException -->
          <reporter-output>
          </reporter-output>
        </test-method> <!-- sortByFeature -->
        <test-method status="PASS" signature="setUp()[pri:0, instance:org.seleniumjava.tests.ProductPageTest@5be82d43]" name="setUp" is-config="true" duration-ms="10665" started-at="2020-05-20T14:15:55Z" finished-at="2020-05-20T14:16:06Z">
          <reporter-output>
            <line>
              <![CDATA[Trying to click on: [[ChromeDriver: chrome on WINDOWS (a9efb1701a2cf4e4e4c7257591aa0333)] -> class name: ico-login]]]>
            </line>
            <line>
              <![CDATA[Clicked on: [[ChromeDriver: chrome on WINDOWS (a9efb1701a2cf4e4e4c7257591aa0333)] -> class name: ico-login]]]>
            </line>
            <line>
              <![CDATA[Trying to click on: [[ChromeDriver: chrome on WINDOWS (a9efb1701a2cf4e4e4c7257591aa0333)] -> xpath: //input[contains(@class,'login-button')]]]]>
            </line>
            <line>
              <![CDATA[Clicked on: [[ChromeDriver: chrome on WINDOWS (a9efb1701a2cf4e4e4c7257591aa0333)] -> xpath: //input[contains(@class,'login-button')]]]]>
            </line>
          </reporter-output>
        </test-method> <!-- setUp -->
        <test-method status="PASS" signature="selectSubProductAddToCart()[pri:5, instance:org.seleniumjava.tests.ProductPageTest@5be82d43]" name="selectSubProductAddToCart" duration-ms="2354" started-at="2020-05-20T14:16:06Z" finished-at="2020-05-20T14:16:08Z">
          <reporter-output>
            <line>
              <![CDATA[Test Case selectSubProductAddToCarthas Started]]>
            </line>
            <line>
              <![CDATA[Trying to click on: [[ChromeDriver: chrome on WINDOWS (a9efb1701a2cf4e4e4c7257591aa0333)] -> link text: Apparel & Shoes]]]>
            </line>
            <line>
              <![CDATA[Clicked on: [[ChromeDriver: chrome on WINDOWS (a9efb1701a2cf4e4e4c7257591aa0333)] -> link text: Apparel & Shoes]]]>
            </line>
            <line>
              <![CDATA[Trying to click on: [[ChromeDriver: chrome on WINDOWS (a9efb1701a2cf4e4e4c7257591aa0333)] -> link text: Blue Jeans]]]>
            </line>
            <line>
              <![CDATA[Clicked on: [[ChromeDriver: chrome on WINDOWS (a9efb1701a2cf4e4e4c7257591aa0333)] -> link text: Blue Jeans]]]>
            </line>
            <line>
              <![CDATA[Trying to click on: [[ChromeDriver: chrome on WINDOWS (a9efb1701a2cf4e4e4c7257591aa0333)] -> xpath: //*[starts-with(@id,'add-to-cart') and contains(@class,'button-1')]]]]>
            </line>
            <line>
              <![CDATA[Clicked on: [[ChromeDriver: chrome on WINDOWS (a9efb1701a2cf4e4e4c7257591aa0333)] -> xpath: //*[starts-with(@id,'add-to-cart') and contains(@class,'button-1')]]]]>
            </line>
            <line>
              <![CDATA[Test Case selectSubProductAddToCartis Passed]]>
            </line>
          </reporter-output>
        </test-method> <!-- selectSubProductAddToCart -->
        <test-method status="PASS" signature="tearDown()[pri:0, instance:org.seleniumjava.tests.ProductPageTest@5be82d43]" name="tearDown" is-config="true" duration-ms="2704" started-at="2020-05-20T14:16:08Z" finished-at="2020-05-20T14:16:11Z">
          <reporter-output>
          </reporter-output>
        </test-method> <!-- tearDown -->
      </class> <!-- org.seleniumjava.tests.ProductPageTest -->
    </test> <!-- WebShop -->
  </suite> <!-- Test Automation Suite -->
</testng-results>
