<?xml version="1.0" encoding="UTF-8"?>
<!-- Generated by org.testng.reporters.JUnitXMLReporter -->
<testsuite hostname="3WNR5Y2" ignored="0" name="1" tests="2" failures="0" timestamp="19 May 2020 09:02:05 GMT" time="12.653" errors="0">
  <testcase name="@BeforeClass testInitialize" time="12.399" classname="org.seleniumjava.testscenarios.TS_ShippingCost">
    <failure type="java.lang.NumberFormatException" message="For input string: &amp;quot;Command line test&amp;quot;">
      <![CDATA[java.lang.NumberFormatException: For input string: "Command line test"
at java.lang.NumberFormatException.forInputString(Unknown Source)
at java.lang.Integer.parseInt(Unknown Source)
at java.lang.Integer.valueOf(Unknown Source)
at org.seleniumjava.testscenarios.TS_ShippingCost.testInitialize(TS_ShippingCost.java:68)
at org.seleniumjava.testscenarios.TestRunner.main(TestRunner.java:20)
... Removed 23 stack frames]]>
    </failure>
  </testcase> <!-- @BeforeClass testInitialize -->
  <testcase name="@AfterClass tearDown" time="0.0" classname="org.seleniumjava.testscenarios.TS_ShippingCost">
    <skipped/>
  </testcase> <!-- @AfterClass tearDown -->
  <testcase name="selectAndAddToCart" time="0.0" classname="org.seleniumjava.testscenarios.TS_ShippingCost">
    <skipped/>
  </testcase> <!-- selectAndAddToCart -->
  <testcase name="CheckOutCart" time="0.0" classname="org.seleniumjava.testscenarios.TS_ShippingCost">
    <skipped/>
  </testcase> <!-- CheckOutCart -->
</testsuite> <!-- 1 -->
