<?xml version="1.0" encoding="UTF-8"?>
<testng-results skipped="0" failed="0" total="1" passed="1">
  <reporter-output>
    <line>
      <![CDATA[Trying to click on: [[ChromeDriver: chrome on WINDOWS (88ac552823e2604730db19b8bb412304)] -> class name: ico-login]]]>
    </line>
    <line>
      <![CDATA[Clicked on: [[ChromeDriver: chrome on WINDOWS (88ac552823e2604730db19b8bb412304)] -> class name: ico-login]]]>
    </line>
    <line>
      <![CDATA[Trying to click on: [[ChromeDriver: chrome on WINDOWS (88ac552823e2604730db19b8bb412304)] -> xpath: //input[contains(@class,'login-button')]]]]>
    </line>
    <line>
      <![CDATA[Clicked on: [[ChromeDriver: chrome on WINDOWS (88ac552823e2604730db19b8bb412304)] -> xpath: //input[contains(@class,'login-button')]]]]>
    </line>
    <line>
      <![CDATA[Trying to click on: [[ChromeDriver: chrome on WINDOWS (88ac552823e2604730db19b8bb412304)] -> link text: Apparel & Shoes]]]>
    </line>
    <line>
      <![CDATA[Clicked on: [[ChromeDriver: chrome on WINDOWS (88ac552823e2604730db19b8bb412304)] -> link text: Apparel & Shoes]]]>
    </line>
    <line>
      <![CDATA[Trying to click on: [[ChromeDriver: chrome on WINDOWS (88ac552823e2604730db19b8bb412304)] -> link text: Blue Jeans]]]>
    </line>
    <line>
      <![CDATA[Clicked on: [[ChromeDriver: chrome on WINDOWS (88ac552823e2604730db19b8bb412304)] -> link text: Blue Jeans]]]>
    </line>
    <line>
      <![CDATA[Trying to click on: [[ChromeDriver: chrome on WINDOWS (88ac552823e2604730db19b8bb412304)] -> xpath: //*[starts-with(@id,'add-to-cart') and contains(@class,'button-1')]]]]>
    </line>
    <line>
      <![CDATA[Clicked on: [[ChromeDriver: chrome on WINDOWS (88ac552823e2604730db19b8bb412304)] -> xpath: //*[starts-with(@id,'add-to-cart') and contains(@class,'button-1')]]]]>
    </line>
    <line>
      <![CDATA[Trying to click on: [[ChromeDriver: chrome on WINDOWS (88ac552823e2604730db19b8bb412304)] -> xpath: //*[@id='topcartlink']/a]]]>
    </line>
    <line>
      <![CDATA[Clicked on: [[ChromeDriver: chrome on WINDOWS (88ac552823e2604730db19b8bb412304)] -> xpath: //*[@id='topcartlink']/a]]]>
    </line>
    <line>
      <![CDATA[Trying to click on: [[ChromeDriver: chrome on WINDOWS (88ac552823e2604730db19b8bb412304)] -> id: termsofservice]]]>
    </line>
    <line>
      <![CDATA[Clicked on: [[ChromeDriver: chrome on WINDOWS (88ac552823e2604730db19b8bb412304)] -> id: termsofservice]]]>
    </line>
    <line>
      <![CDATA[Trying to click on: [[ChromeDriver: chrome on WINDOWS (88ac552823e2604730db19b8bb412304)] -> id: checkout]]]>
    </line>
    <line>
      <![CDATA[Clicked on: [[ChromeDriver: chrome on WINDOWS (88ac552823e2604730db19b8bb412304)] -> id: checkout]]]>
    </line>
    <line>
      <![CDATA[Trying to click on: [[ChromeDriver: chrome on WINDOWS (b7f6feecbb0ecdadc40b112ffc9c3197)] -> class name: ico-login]]]>
    </line>
    <line>
      <![CDATA[Clicked on: [[ChromeDriver: chrome on WINDOWS (b7f6feecbb0ecdadc40b112ffc9c3197)] -> class name: ico-login]]]>
    </line>
    <line>
      <![CDATA[Trying to click on: [[ChromeDriver: chrome on WINDOWS (b7f6feecbb0ecdadc40b112ffc9c3197)] -> xpath: //input[contains(@class,'login-button')]]]]>
    </line>
    <line>
      <![CDATA[Clicked on: [[ChromeDriver: chrome on WINDOWS (b7f6feecbb0ecdadc40b112ffc9c3197)] -> xpath: //input[contains(@class,'login-button')]]]]>
    </line>
    <line>
      <![CDATA[Trying to click on: [[ChromeDriver: chrome on WINDOWS (b7f6feecbb0ecdadc40b112ffc9c3197)] -> link text: Books]]]>
    </line>
    <line>
      <![CDATA[Clicked on: [[ChromeDriver: chrome on WINDOWS (b7f6feecbb0ecdadc40b112ffc9c3197)] -> link text: Books]]]>
    </line>
    <line>
      <![CDATA[Trying to click on: [[ChromeDriver: chrome on WINDOWS (b7f6feecbb0ecdadc40b112ffc9c3197)] -> link text: Computing and Internet]]]>
    </line>
    <line>
      <![CDATA[Clicked on: [[ChromeDriver: chrome on WINDOWS (b7f6feecbb0ecdadc40b112ffc9c3197)] -> link text: Computing and Internet]]]>
    </line>
    <line>
      <![CDATA[Trying to click on: [[ChromeDriver: chrome on WINDOWS (b7f6feecbb0ecdadc40b112ffc9c3197)] -> xpath: //*[starts-with(@id,'add-to-cart') and contains(@class,'button-1')]]]]>
    </line>
    <line>
      <![CDATA[Clicked on: [[ChromeDriver: chrome on WINDOWS (b7f6feecbb0ecdadc40b112ffc9c3197)] -> xpath: //*[starts-with(@id,'add-to-cart') and contains(@class,'button-1')]]]]>
    </line>
    <line>
      <![CDATA[Trying to click on: [[ChromeDriver: chrome on WINDOWS (b7f6feecbb0ecdadc40b112ffc9c3197)] -> xpath: //*[@id='topcartlink']/a]]]>
    </line>
    <line>
      <![CDATA[Clicked on: [[ChromeDriver: chrome on WINDOWS (b7f6feecbb0ecdadc40b112ffc9c3197)] -> xpath: //*[@id='topcartlink']/a]]]>
    </line>
    <line>
      <![CDATA[Trying to click on: [[ChromeDriver: chrome on WINDOWS (b7f6feecbb0ecdadc40b112ffc9c3197)] -> id: termsofservice]]]>
    </line>
    <line>
      <![CDATA[Clicked on: [[ChromeDriver: chrome on WINDOWS (b7f6feecbb0ecdadc40b112ffc9c3197)] -> id: termsofservice]]]>
    </line>
    <line>
      <![CDATA[Trying to click on: [[ChromeDriver: chrome on WINDOWS (b7f6feecbb0ecdadc40b112ffc9c3197)] -> id: checkout]]]>
    </line>
    <line>
      <![CDATA[Clicked on: [[ChromeDriver: chrome on WINDOWS (b7f6feecbb0ecdadc40b112ffc9c3197)] -> id: checkout]]]>
    </line>
  </reporter-output>
  <suite name="Default suite" duration-ms="34810" started-at="2020-05-20T16:35:26Z" finished-at="2020-05-20T16:36:01Z">
    <groups>
    </groups>
    <test name="Default test" duration-ms="34810" started-at="2020-05-20T16:35:26Z" finished-at="2020-05-20T16:36:01Z">
      <class name="org.seleniumjava.testScenarioRunner.TS_ShoppingCostRunner">
        <test-method status="PASS" signature="testRun()[pri:0, instance:org.seleniumjava.testScenarioRunner.TS_ShoppingCostRunner@58134517]" name="testRun" duration-ms="34794" started-at="2020-05-20T18:35:26Z" finished-at="2020-05-20T18:36:01Z">
          <reporter-output>
          </reporter-output>
        </test-method> <!-- testRun -->
      </class> <!-- org.seleniumjava.testScenarioRunner.TS_ShoppingCostRunner -->
    </test> <!-- Default test -->
  </suite> <!-- Default suite -->
</testng-results>
